2025-03-15 15:21:58 [HikariPool-1 housekeeper] WARN  com.zaxxer.hikari.pool.HikariPool - HikariPool-1 - Thread starvation or clock leap detected (housekeeper delta=1d37m6s229ms499µs900ns).
2025-03-15 15:26:46 [HikariPool-1 housekeeper] WARN  com.zaxxer.hikari.pool.HikariPool - HikariPool-1 - Thread starvation or clock leap detected (housekeeper delta=4m31s598ms981µs300ns).
2025-03-15 15:27:28 [SpringApplicationShutdownHook] INFO  o.s.o.j.LocalContainerEntityManagerFactoryBean - Closing JPA EntityManagerFactory for persistence unit 'default'
2025-03-15 15:27:28 [SpringApplicationShutdownHook] INFO  com.zaxxer.hikari.HikariDataSource - HikariPool-1 - Shutdown initiated...
2025-03-15 15:27:28 [SpringApplicationShutdownHook] INFO  com.zaxxer.hikari.HikariDataSource - HikariPool-1 - Shutdown completed.
2025-03-15 15:32:29 [background-preinit] INFO  o.h.validator.internal.util.Version - HV000001: Hibernate Validator 8.0.0.Final
2025-03-15 15:32:29 [main] INFO  c.e.projetpfe.ProjetPfeApplication - Starting ProjetPfeApplication using Java 17.0.12 with PID 18968 (C:\Users\hiba3\IdeaProjects\ProjetPFE\target\classes started by hiba3 in C:\Users\hiba3\IdeaProjects\ProjetPFE)
2025-03-15 15:32:29 [main] INFO  c.e.projetpfe.ProjetPfeApplication - No active profile set, falling back to 1 default profile: "default"
2025-03-15 15:32:30 [main] INFO  o.s.d.r.c.RepositoryConfigurationDelegate - Bootstrapping Spring Data JPA repositories in DEFAULT mode.
2025-03-15 15:32:30 [main] INFO  o.s.d.r.c.RepositoryConfigurationDelegate - Finished Spring Data repository scanning in 66 ms. Found 3 JPA repository interfaces.
2025-03-15 15:32:31 [main] INFO  o.s.b.w.e.tomcat.TomcatWebServer - Tomcat initialized with port(s): 8080 (http)
2025-03-15 15:32:31 [main] INFO  o.a.coyote.http11.Http11NioProtocol - Initializing ProtocolHandler ["http-nio-8080"]
2025-03-15 15:32:31 [main] INFO  o.a.catalina.core.StandardService - Starting service [Tomcat]
2025-03-15 15:32:31 [main] INFO  o.a.catalina.core.StandardEngine - Starting Servlet engine: [Apache Tomcat/10.1.1]
2025-03-15 15:32:31 [main] INFO  o.a.c.c.C.[Tomcat].[localhost].[/] - Initializing Spring embedded WebApplicationContext
2025-03-15 15:32:31 [main] INFO  o.s.b.w.s.c.ServletWebServerApplicationContext - Root WebApplicationContext: initialization completed in 1420 ms
2025-03-15 15:32:31 [main] INFO  o.h.jpa.internal.util.LogHelper - HHH000204: Processing PersistenceUnitInfo [name: default]
2025-03-15 15:32:31 [main] INFO  org.hibernate.Version - HHH000412: Hibernate ORM core version 6.1.5.Final
2025-03-15 15:32:31 [main] WARN  org.hibernate.orm.deprecation - HHH90000021: Encountered deprecated setting [javax.persistence.sharedCache.mode], use [jakarta.persistence.sharedCache.mode] instead
2025-03-15 15:32:32 [main] INFO  com.zaxxer.hikari.HikariDataSource - HikariPool-1 - Starting...
2025-03-15 15:32:32 [main] INFO  com.zaxxer.hikari.pool.HikariPool - HikariPool-1 - Added connection org.postgresql.jdbc.PgConnection@7c7ed72a
2025-03-15 15:32:32 [main] INFO  com.zaxxer.hikari.HikariDataSource - HikariPool-1 - Start completed.
2025-03-15 15:32:32 [main] INFO  SQL dialect - HHH000400: Using dialect: org.hibernate.dialect.PostgreSQLDialect
2025-03-15 15:32:33 [main] INFO  o.h.e.t.j.p.i.JtaPlatformInitiator - HHH000490: Using JtaPlatform implementation: [org.hibernate.engine.transaction.jta.platform.internal.NoJtaPlatform]
2025-03-15 15:32:33 [main] INFO  o.s.o.j.LocalContainerEntityManagerFactoryBean - Initialized JPA EntityManagerFactory for persistence unit 'default'
2025-03-15 15:32:33 [main] WARN  o.s.b.a.o.j.JpaBaseConfiguration$JpaWebConfiguration - spring.jpa.open-in-view is enabled by default. Therefore, database queries may be performed during view rendering. Explicitly configure spring.jpa.open-in-view to disable this warning
2025-03-15 15:32:34 [main] INFO  o.s.b.a.w.s.WelcomePageHandlerMapping - Adding welcome page template: index
2025-03-15 15:32:34 [main] INFO  o.s.s.web.DefaultSecurityFilterChain - Will secure any request with [org.springframework.security.web.session.DisableEncodeUrlFilter@79d3c655, org.springframework.security.web.context.request.async.WebAsyncManagerIntegrationFilter@42ea14b8, org.springframework.security.web.context.SecurityContextHolderFilter@1dbfbd94, org.springframework.security.web.header.HeaderWriterFilter@1a06ec24, org.springframework.security.web.csrf.CsrfFilter@61375dff, org.springframework.security.web.authentication.logout.LogoutFilter@256c6f7a, org.springframework.security.web.authentication.UsernamePasswordAuthenticationFilter@188058fb, org.springframework.security.web.session.ConcurrentSessionFilter@242c4a94, org.springframework.security.web.savedrequest.RequestCacheAwareFilter@2e3b4394, org.springframework.security.web.servletapi.SecurityContextHolderAwareRequestFilter@67d55a46, org.springframework.security.web.authentication.AnonymousAuthenticationFilter@5837cb9e, org.springframework.security.web.session.SessionManagementFilter@1f5f4d48, org.springframework.security.web.access.ExceptionTranslationFilter@38a61c81, org.springframework.security.web.access.intercept.AuthorizationFilter@6b7a0f18]
2025-03-15 15:32:34 [main] INFO  o.a.coyote.http11.Http11NioProtocol - Starting ProtocolHandler ["http-nio-8080"]
2025-03-15 15:32:34 [main] INFO  o.s.b.w.e.tomcat.TomcatWebServer - Tomcat started on port(s): 8080 (http) with context path ''
2025-03-15 15:32:34 [main] INFO  c.e.projetpfe.ProjetPfeApplication - Started ProjetPfeApplication in 4.963 seconds (process running for 5.857)
2025-03-15 15:32:46 [http-nio-8080-exec-1] INFO  o.a.c.c.C.[Tomcat].[localhost].[/] - Initializing Spring DispatcherServlet 'dispatcherServlet'
2025-03-15 15:32:46 [http-nio-8080-exec-1] INFO  o.s.web.servlet.DispatcherServlet - Initializing Servlet 'dispatcherServlet'
2025-03-15 15:32:46 [http-nio-8080-exec-1] INFO  o.s.web.servlet.DispatcherServlet - Completed initialization in 1 ms
2025-03-15 15:32:46 [http-nio-8080-exec-1] DEBUG o.s.security.web.FilterChainProxy - Securing GET /login
2025-03-15 15:32:46 [http-nio-8080-exec-1] DEBUG o.s.s.w.a.AnonymousAuthenticationFilter - Set SecurityContextHolder to anonymous SecurityContext
2025-03-15 15:32:46 [http-nio-8080-exec-1] DEBUG o.s.s.w.s.SessionManagementFilter - Request requested invalid session id 751D2B814E90D8BF5EF0E09676DE6E15
2025-03-15 15:32:46 [http-nio-8080-exec-1] DEBUG o.s.s.w.s.SimpleRedirectInvalidSessionStrategy - Starting new session (if required) and redirecting to '/login'
2025-03-15 15:32:46 [http-nio-8080-exec-1] DEBUG o.s.s.web.DefaultRedirectStrategy - Redirecting to /login
2025-03-15 15:32:46 [http-nio-8080-exec-2] DEBUG o.s.security.web.FilterChainProxy - Securing GET /login
2025-03-15 15:32:46 [http-nio-8080-exec-2] DEBUG o.s.s.w.a.AnonymousAuthenticationFilter - Set SecurityContextHolder to anonymous SecurityContext
2025-03-15 15:32:46 [http-nio-8080-exec-2] DEBUG o.s.security.web.FilterChainProxy - Secured GET /login
2025-03-15 15:32:46 [http-nio-8080-exec-2] DEBUG c.e.p.controller.AuthController - Accès à la page de login - Query string: null
2025-03-15 15:32:46 [http-nio-8080-exec-2] DEBUG c.e.p.controller.AuthController - Vérification du blocage pour l'IP: 0:0:0:0:0:0:0:1
2025-03-15 15:32:46 [http-nio-8080-exec-2] DEBUG c.e.p.controller.AuthController - IP non bloquée
2025-03-15 15:32:47 [http-nio-8080-exec-3] DEBUG o.s.security.web.FilterChainProxy - Securing GET /favicon.ico
2025-03-15 15:32:47 [http-nio-8080-exec-3] DEBUG o.s.s.w.a.AnonymousAuthenticationFilter - Set SecurityContextHolder to anonymous SecurityContext
2025-03-15 15:32:47 [http-nio-8080-exec-3] DEBUG o.s.security.web.FilterChainProxy - Secured GET /favicon.ico
2025-03-15 15:32:47 [http-nio-8080-exec-3] DEBUG o.s.security.web.FilterChainProxy - Securing GET /error
2025-03-15 15:32:47 [http-nio-8080-exec-3] DEBUG o.s.s.w.a.AnonymousAuthenticationFilter - Set SecurityContextHolder to anonymous SecurityContext
2025-03-15 15:32:47 [http-nio-8080-exec-3] DEBUG o.s.s.w.s.HttpSessionRequestCache - Saved request http://localhost:8080/error?continue to session
2025-03-15 15:32:47 [http-nio-8080-exec-3] DEBUG o.s.s.web.DefaultRedirectStrategy - Redirecting to http://localhost:8080/login
2025-03-15 15:32:47 [http-nio-8080-exec-4] DEBUG o.s.security.web.FilterChainProxy - Securing GET /login
2025-03-15 15:32:47 [http-nio-8080-exec-4] DEBUG o.s.s.w.a.AnonymousAuthenticationFilter - Set SecurityContextHolder to anonymous SecurityContext
2025-03-15 15:32:47 [http-nio-8080-exec-4] DEBUG o.s.security.web.FilterChainProxy - Secured GET /login
2025-03-15 15:32:47 [http-nio-8080-exec-4] DEBUG c.e.p.controller.AuthController - Accès à la page de login - Query string: null
2025-03-15 15:32:47 [http-nio-8080-exec-4] DEBUG c.e.p.controller.AuthController - Vérification du blocage pour l'IP: 0:0:0:0:0:0:0:1
2025-03-15 15:32:47 [http-nio-8080-exec-4] DEBUG c.e.p.controller.AuthController - IP non bloquée
2025-03-15 15:32:59 [http-nio-8080-exec-5] DEBUG o.s.security.web.FilterChainProxy - Securing POST /login
2025-03-15 15:32:59 [http-nio-8080-exec-5] DEBUG o.s.s.a.d.DaoAuthenticationProvider - Authenticated user
2025-03-15 15:32:59 [http-nio-8080-exec-5] DEBUG o.s.s.w.a.s.ChangeSessionIdAuthenticationStrategy - Changed session id from 1D7BC8404618FFD2F4A4DFA91CA88683
2025-03-15 15:32:59 [http-nio-8080-exec-5] DEBUG o.s.s.c.session.SessionRegistryImpl - Registering session BE1E24D442EC0A0DA2C012B137A23567, for principal org.springframework.security.core.userdetails.User [Username=admin@example.com, Password=[PROTECTED], Enabled=true, AccountNonExpired=true, credentialsNonExpired=true, AccountNonLocked=true, Granted Authorities=[ROLE_ADMIN]]
2025-03-15 15:32:59 [http-nio-8080-exec-5] DEBUG o.s.s.w.c.CsrfAuthenticationStrategy - Replaced CSRF Token
2025-03-15 15:32:59 [http-nio-8080-exec-5] DEBUG o.s.s.w.c.HttpSessionSecurityContextRepository - Stored SecurityContextImpl [Authentication=UsernamePasswordAuthenticationToken [Principal=org.springframework.security.core.userdetails.User [Username=admin@example.com, Password=[PROTECTED], Enabled=true, AccountNonExpired=true, credentialsNonExpired=true, AccountNonLocked=true, Granted Authorities=[ROLE_ADMIN]], Credentials=[PROTECTED], Authenticated=true, Details=WebAuthenticationDetails [RemoteIpAddress=0:0:0:0:0:0:0:1, SessionId=1D7BC8404618FFD2F4A4DFA91CA88683], Granted Authorities=[ROLE_ADMIN]]] to HttpSession [org.apache.catalina.session.StandardSessionFacade@4d559287]
2025-03-15 15:32:59 [http-nio-8080-exec-5] DEBUG o.s.s.w.a.UsernamePasswordAuthenticationFilter - Set SecurityContextHolder to UsernamePasswordAuthenticationToken [Principal=org.springframework.security.core.userdetails.User [Username=admin@example.com, Password=[PROTECTED], Enabled=true, AccountNonExpired=true, credentialsNonExpired=true, AccountNonLocked=true, Granted Authorities=[ROLE_ADMIN]], Credentials=[PROTECTED], Authenticated=true, Details=WebAuthenticationDetails [RemoteIpAddress=0:0:0:0:0:0:0:1, SessionId=1D7BC8404618FFD2F4A4DFA91CA88683], Granted Authorities=[ROLE_ADMIN]]
2025-03-15 15:32:59 [http-nio-8080-exec-5] DEBUG o.s.s.web.DefaultRedirectStrategy - Redirecting to /login-success
2025-03-15 15:32:59 [http-nio-8080-exec-6] DEBUG o.s.security.web.FilterChainProxy - Securing GET /login-success
2025-03-15 15:32:59 [http-nio-8080-exec-6] DEBUG o.s.security.web.FilterChainProxy - Secured GET /login-success
2025-03-15 15:32:59 [http-nio-8080-exec-6] DEBUG o.s.s.w.c.HttpSessionSecurityContextRepository - Retrieved SecurityContextImpl [Authentication=UsernamePasswordAuthenticationToken [Principal=org.springframework.security.core.userdetails.User [Username=admin@example.com, Password=[PROTECTED], Enabled=true, AccountNonExpired=true, credentialsNonExpired=true, AccountNonLocked=true, Granted Authorities=[ROLE_ADMIN]], Credentials=[PROTECTED], Authenticated=true, Details=WebAuthenticationDetails [RemoteIpAddress=0:0:0:0:0:0:0:1, SessionId=1D7BC8404618FFD2F4A4DFA91CA88683], Granted Authorities=[ROLE_ADMIN]]]
2025-03-15 15:32:59 [http-nio-8080-exec-7] DEBUG o.s.security.web.FilterChainProxy - Securing GET /users
2025-03-15 15:32:59 [http-nio-8080-exec-7] DEBUG o.s.s.w.c.HttpSessionSecurityContextRepository - Retrieved SecurityContextImpl [Authentication=UsernamePasswordAuthenticationToken [Principal=org.springframework.security.core.userdetails.User [Username=admin@example.com, Password=[PROTECTED], Enabled=true, AccountNonExpired=true, credentialsNonExpired=true, AccountNonLocked=true, Granted Authorities=[ROLE_ADMIN]], Credentials=[PROTECTED], Authenticated=true, Details=WebAuthenticationDetails [RemoteIpAddress=0:0:0:0:0:0:0:1, SessionId=1D7BC8404618FFD2F4A4DFA91CA88683], Granted Authorities=[ROLE_ADMIN]]]
2025-03-15 15:32:59 [http-nio-8080-exec-7] DEBUG o.s.security.web.FilterChainProxy - Secured GET /users
2025-03-15 15:32:59 [http-nio-8080-exec-8] DEBUG o.s.security.web.FilterChainProxy - Securing GET /favicon.ico
2025-03-15 15:32:59 [http-nio-8080-exec-8] DEBUG o.s.security.web.FilterChainProxy - Secured GET /favicon.ico
2025-03-15 15:32:59 [http-nio-8080-exec-8] DEBUG o.s.s.w.c.HttpSessionSecurityContextRepository - Retrieved SecurityContextImpl [Authentication=UsernamePasswordAuthenticationToken [Principal=org.springframework.security.core.userdetails.User [Username=admin@example.com, Password=[PROTECTED], Enabled=true, AccountNonExpired=true, credentialsNonExpired=true, AccountNonLocked=true, Granted Authorities=[ROLE_ADMIN]], Credentials=[PROTECTED], Authenticated=true, Details=WebAuthenticationDetails [RemoteIpAddress=0:0:0:0:0:0:0:1, SessionId=1D7BC8404618FFD2F4A4DFA91CA88683], Granted Authorities=[ROLE_ADMIN]]]
2025-03-15 15:32:59 [http-nio-8080-exec-8] DEBUG o.s.security.web.FilterChainProxy - Securing GET /error
2025-03-15 15:32:59 [http-nio-8080-exec-8] DEBUG o.s.s.w.c.HttpSessionSecurityContextRepository - Retrieved SecurityContextImpl [Authentication=UsernamePasswordAuthenticationToken [Principal=org.springframework.security.core.userdetails.User [Username=admin@example.com, Password=[PROTECTED], Enabled=true, AccountNonExpired=true, credentialsNonExpired=true, AccountNonLocked=true, Granted Authorities=[ROLE_ADMIN]], Credentials=[PROTECTED], Authenticated=true, Details=WebAuthenticationDetails [RemoteIpAddress=0:0:0:0:0:0:0:1, SessionId=1D7BC8404618FFD2F4A4DFA91CA88683], Granted Authorities=[ROLE_ADMIN]]]
2025-03-15 15:32:59 [http-nio-8080-exec-8] DEBUG o.s.s.w.a.AccessDeniedHandlerImpl - Responding with 403 status code
2025-03-15 15:33:09 [http-nio-8080-exec-9] DEBUG o.s.security.web.FilterChainProxy - Securing GET /agenda
2025-03-15 15:33:09 [http-nio-8080-exec-9] DEBUG o.s.s.w.c.HttpSessionSecurityContextRepository - Retrieved SecurityContextImpl [Authentication=UsernamePasswordAuthenticationToken [Principal=org.springframework.security.core.userdetails.User [Username=admin@example.com, Password=[PROTECTED], Enabled=true, AccountNonExpired=true, credentialsNonExpired=true, AccountNonLocked=true, Granted Authorities=[ROLE_ADMIN]], Credentials=[PROTECTED], Authenticated=true, Details=WebAuthenticationDetails [RemoteIpAddress=0:0:0:0:0:0:0:1, SessionId=1D7BC8404618FFD2F4A4DFA91CA88683], Granted Authorities=[ROLE_ADMIN]]]
2025-03-15 15:33:09 [http-nio-8080-exec-9] DEBUG o.s.security.web.FilterChainProxy - Secured GET /agenda
2025-03-15 15:33:09 [http-nio-8080-exec-10] DEBUG o.s.security.web.FilterChainProxy - Securing GET /favicon.ico
2025-03-15 15:33:09 [http-nio-8080-exec-10] DEBUG o.s.security.web.FilterChainProxy - Secured GET /favicon.ico
2025-03-15 15:33:09 [http-nio-8080-exec-10] DEBUG o.s.s.w.c.HttpSessionSecurityContextRepository - Retrieved SecurityContextImpl [Authentication=UsernamePasswordAuthenticationToken [Principal=org.springframework.security.core.userdetails.User [Username=admin@example.com, Password=[PROTECTED], Enabled=true, AccountNonExpired=true, credentialsNonExpired=true, AccountNonLocked=true, Granted Authorities=[ROLE_ADMIN]], Credentials=[PROTECTED], Authenticated=true, Details=WebAuthenticationDetails [RemoteIpAddress=0:0:0:0:0:0:0:1, SessionId=1D7BC8404618FFD2F4A4DFA91CA88683], Granted Authorities=[ROLE_ADMIN]]]
2025-03-15 15:33:09 [http-nio-8080-exec-10] DEBUG o.s.security.web.FilterChainProxy - Securing GET /error
2025-03-15 15:33:09 [http-nio-8080-exec-10] DEBUG o.s.s.w.c.HttpSessionSecurityContextRepository - Retrieved SecurityContextImpl [Authentication=UsernamePasswordAuthenticationToken [Principal=org.springframework.security.core.userdetails.User [Username=admin@example.com, Password=[PROTECTED], Enabled=true, AccountNonExpired=true, credentialsNonExpired=true, AccountNonLocked=true, Granted Authorities=[ROLE_ADMIN]], Credentials=[PROTECTED], Authenticated=true, Details=WebAuthenticationDetails [RemoteIpAddress=0:0:0:0:0:0:0:1, SessionId=1D7BC8404618FFD2F4A4DFA91CA88683], Granted Authorities=[ROLE_ADMIN]]]
2025-03-15 15:33:09 [http-nio-8080-exec-10] DEBUG o.s.s.w.a.AccessDeniedHandlerImpl - Responding with 403 status code
2025-03-15 15:33:19 [http-nio-8080-exec-1] DEBUG o.s.security.web.FilterChainProxy - Securing GET /agenda/history
2025-03-15 15:33:19 [http-nio-8080-exec-1] DEBUG o.s.s.w.c.HttpSessionSecurityContextRepository - Retrieved SecurityContextImpl [Authentication=UsernamePasswordAuthenticationToken [Principal=org.springframework.security.core.userdetails.User [Username=admin@example.com, Password=[PROTECTED], Enabled=true, AccountNonExpired=true, credentialsNonExpired=true, AccountNonLocked=true, Granted Authorities=[ROLE_ADMIN]], Credentials=[PROTECTED], Authenticated=true, Details=WebAuthenticationDetails [RemoteIpAddress=0:0:0:0:0:0:0:1, SessionId=1D7BC8404618FFD2F4A4DFA91CA88683], Granted Authorities=[ROLE_ADMIN]]]
2025-03-15 15:33:19 [http-nio-8080-exec-1] DEBUG o.s.security.web.FilterChainProxy - Secured GET /agenda/history
2025-03-15 15:33:19 [http-nio-8080-exec-2] DEBUG o.s.security.web.FilterChainProxy - Securing GET /favicon.ico
2025-03-15 15:33:19 [http-nio-8080-exec-2] DEBUG o.s.security.web.FilterChainProxy - Secured GET /favicon.ico
2025-03-15 15:33:19 [http-nio-8080-exec-2] DEBUG o.s.s.w.c.HttpSessionSecurityContextRepository - Retrieved SecurityContextImpl [Authentication=UsernamePasswordAuthenticationToken [Principal=org.springframework.security.core.userdetails.User [Username=admin@example.com, Password=[PROTECTED], Enabled=true, AccountNonExpired=true, credentialsNonExpired=true, AccountNonLocked=true, Granted Authorities=[ROLE_ADMIN]], Credentials=[PROTECTED], Authenticated=true, Details=WebAuthenticationDetails [RemoteIpAddress=0:0:0:0:0:0:0:1, SessionId=1D7BC8404618FFD2F4A4DFA91CA88683], Granted Authorities=[ROLE_ADMIN]]]
2025-03-15 15:33:19 [http-nio-8080-exec-2] DEBUG o.s.security.web.FilterChainProxy - Securing GET /error
2025-03-15 15:33:19 [http-nio-8080-exec-2] DEBUG o.s.s.w.c.HttpSessionSecurityContextRepository - Retrieved SecurityContextImpl [Authentication=UsernamePasswordAuthenticationToken [Principal=org.springframework.security.core.userdetails.User [Username=admin@example.com, Password=[PROTECTED], Enabled=true, AccountNonExpired=true, credentialsNonExpired=true, AccountNonLocked=true, Granted Authorities=[ROLE_ADMIN]], Credentials=[PROTECTED], Authenticated=true, Details=WebAuthenticationDetails [RemoteIpAddress=0:0:0:0:0:0:0:1, SessionId=1D7BC8404618FFD2F4A4DFA91CA88683], Granted Authorities=[ROLE_ADMIN]]]
2025-03-15 15:33:19 [http-nio-8080-exec-2] DEBUG o.s.s.w.a.AccessDeniedHandlerImpl - Responding with 403 status code
2025-03-15 15:33:32 [http-nio-8080-exec-3] DEBUG o.s.security.web.FilterChainProxy - Securing GET /logout
2025-03-15 15:33:32 [http-nio-8080-exec-3] DEBUG o.s.s.w.c.HttpSessionSecurityContextRepository - Retrieved SecurityContextImpl [Authentication=UsernamePasswordAuthenticationToken [Principal=org.springframework.security.core.userdetails.User [Username=admin@example.com, Password=[PROTECTED], Enabled=true, AccountNonExpired=true, credentialsNonExpired=true, AccountNonLocked=true, Granted Authorities=[ROLE_ADMIN]], Credentials=[PROTECTED], Authenticated=true, Details=WebAuthenticationDetails [RemoteIpAddress=0:0:0:0:0:0:0:1, SessionId=1D7BC8404618FFD2F4A4DFA91CA88683], Granted Authorities=[ROLE_ADMIN]]]
2025-03-15 15:33:32 [http-nio-8080-exec-3] DEBUG o.s.s.w.a.logout.LogoutFilter - Logging out [UsernamePasswordAuthenticationToken [Principal=org.springframework.security.core.userdetails.User [Username=admin@example.com, Password=[PROTECTED], Enabled=true, AccountNonExpired=true, credentialsNonExpired=true, AccountNonLocked=true, Granted Authorities=[ROLE_ADMIN]], Credentials=[PROTECTED], Authenticated=true, Details=WebAuthenticationDetails [RemoteIpAddress=0:0:0:0:0:0:0:1, SessionId=1D7BC8404618FFD2F4A4DFA91CA88683], Granted Authorities=[ROLE_ADMIN]]]
2025-03-15 15:33:32 [http-nio-8080-exec-3] DEBUG o.s.s.w.a.l.SecurityContextLogoutHandler - Invalidated session BE1E24D442EC0A0DA2C012B137A23567
2025-03-15 15:33:32 [http-nio-8080-exec-3] DEBUG o.s.s.web.DefaultRedirectStrategy - Redirecting to /login?logout
2025-03-15 15:33:32 [http-nio-8080-exec-4] DEBUG o.s.security.web.FilterChainProxy - Securing GET /login?logout
2025-03-15 15:33:32 [http-nio-8080-exec-4] DEBUG o.s.s.w.a.AnonymousAuthenticationFilter - Set SecurityContextHolder to anonymous SecurityContext
2025-03-15 15:33:32 [http-nio-8080-exec-4] DEBUG o.s.security.web.FilterChainProxy - Secured GET /login?logout
2025-03-15 15:33:32 [http-nio-8080-exec-4] DEBUG c.e.p.controller.AuthController - Accès à la page de login - Query string: logout
2025-03-15 15:33:32 [http-nio-8080-exec-4] DEBUG c.e.p.controller.AuthController - Vérification du blocage pour l'IP: 0:0:0:0:0:0:0:1
2025-03-15 15:33:32 [http-nio-8080-exec-4] DEBUG c.e.p.controller.AuthController - IP non bloquée
2025-03-15 15:33:32 [http-nio-8080-exec-5] DEBUG o.s.security.web.FilterChainProxy - Securing GET /favicon.ico
2025-03-15 15:33:32 [http-nio-8080-exec-5] DEBUG o.s.s.w.a.AnonymousAuthenticationFilter - Set SecurityContextHolder to anonymous SecurityContext
2025-03-15 15:33:32 [http-nio-8080-exec-5] DEBUG o.s.security.web.FilterChainProxy - Secured GET /favicon.ico
2025-03-15 15:33:32 [http-nio-8080-exec-5] DEBUG o.s.security.web.FilterChainProxy - Securing GET /error
2025-03-15 15:33:32 [http-nio-8080-exec-5] DEBUG o.s.s.w.a.AnonymousAuthenticationFilter - Set SecurityContextHolder to anonymous SecurityContext
2025-03-15 15:33:32 [http-nio-8080-exec-5] DEBUG o.s.s.w.s.HttpSessionRequestCache - Saved request http://localhost:8080/error?continue to session
2025-03-15 15:33:32 [http-nio-8080-exec-5] DEBUG o.s.s.web.DefaultRedirectStrategy - Redirecting to http://localhost:8080/login
2025-03-15 15:33:32 [http-nio-8080-exec-6] DEBUG o.s.security.web.FilterChainProxy - Securing GET /login
2025-03-15 15:33:32 [http-nio-8080-exec-6] DEBUG o.s.s.w.a.AnonymousAuthenticationFilter - Set SecurityContextHolder to anonymous SecurityContext
2025-03-15 15:33:32 [http-nio-8080-exec-6] DEBUG o.s.security.web.FilterChainProxy - Secured GET /login
2025-03-15 15:33:32 [http-nio-8080-exec-6] DEBUG c.e.p.controller.AuthController - Accès à la page de login - Query string: null
2025-03-15 15:33:32 [http-nio-8080-exec-6] DEBUG c.e.p.controller.AuthController - Vérification du blocage pour l'IP: 0:0:0:0:0:0:0:1
2025-03-15 15:33:32 [http-nio-8080-exec-6] DEBUG c.e.p.controller.AuthController - IP non bloquée
2025-03-15 15:33:43 [http-nio-8080-exec-7] DEBUG o.s.security.web.FilterChainProxy - Securing POST /login
2025-03-15 15:33:43 [http-nio-8080-exec-7] DEBUG o.s.s.a.d.DaoAuthenticationProvider - Authenticated user
2025-03-15 15:33:43 [http-nio-8080-exec-7] DEBUG o.s.s.w.a.s.ChangeSessionIdAuthenticationStrategy - Changed session id from EA58C231B4D3E272E7852CC833DE6A13
2025-03-15 15:33:43 [http-nio-8080-exec-7] DEBUG o.s.s.c.session.SessionRegistryImpl - Registering session 9EF97C74098AEFC85DDF8C2437AAC9FB, for principal org.springframework.security.core.userdetails.User [Username=hiba@gmail.com, Password=[PROTECTED], Enabled=true, AccountNonExpired=true, credentialsNonExpired=true, AccountNonLocked=true, Granted Authorities=[ROLE_USER]]
2025-03-15 15:33:43 [http-nio-8080-exec-7] DEBUG o.s.s.w.c.CsrfAuthenticationStrategy - Replaced CSRF Token
2025-03-15 15:33:43 [http-nio-8080-exec-7] DEBUG o.s.s.w.c.HttpSessionSecurityContextRepository - Stored SecurityContextImpl [Authentication=UsernamePasswordAuthenticationToken [Principal=org.springframework.security.core.userdetails.User [Username=hiba@gmail.com, Password=[PROTECTED], Enabled=true, AccountNonExpired=true, credentialsNonExpired=true, AccountNonLocked=true, Granted Authorities=[ROLE_USER]], Credentials=[PROTECTED], Authenticated=true, Details=WebAuthenticationDetails [RemoteIpAddress=0:0:0:0:0:0:0:1, SessionId=EA58C231B4D3E272E7852CC833DE6A13], Granted Authorities=[ROLE_USER]]] to HttpSession [org.apache.catalina.session.StandardSessionFacade@582a0f3b]
2025-03-15 15:33:43 [http-nio-8080-exec-7] DEBUG o.s.s.w.a.UsernamePasswordAuthenticationFilter - Set SecurityContextHolder to UsernamePasswordAuthenticationToken [Principal=org.springframework.security.core.userdetails.User [Username=hiba@gmail.com, Password=[PROTECTED], Enabled=true, AccountNonExpired=true, credentialsNonExpired=true, AccountNonLocked=true, Granted Authorities=[ROLE_USER]], Credentials=[PROTECTED], Authenticated=true, Details=WebAuthenticationDetails [RemoteIpAddress=0:0:0:0:0:0:0:1, SessionId=EA58C231B4D3E272E7852CC833DE6A13], Granted Authorities=[ROLE_USER]]
2025-03-15 15:33:43 [http-nio-8080-exec-7] DEBUG o.s.s.web.DefaultRedirectStrategy - Redirecting to /login-success
2025-03-15 15:33:43 [http-nio-8080-exec-8] DEBUG o.s.security.web.FilterChainProxy - Securing GET /login-success
2025-03-15 15:33:43 [http-nio-8080-exec-8] DEBUG o.s.security.web.FilterChainProxy - Secured GET /login-success
2025-03-15 15:33:43 [http-nio-8080-exec-8] DEBUG o.s.s.w.c.HttpSessionSecurityContextRepository - Retrieved SecurityContextImpl [Authentication=UsernamePasswordAuthenticationToken [Principal=org.springframework.security.core.userdetails.User [Username=hiba@gmail.com, Password=[PROTECTED], Enabled=true, AccountNonExpired=true, credentialsNonExpired=true, AccountNonLocked=true, Granted Authorities=[ROLE_USER]], Credentials=[PROTECTED], Authenticated=true, Details=WebAuthenticationDetails [RemoteIpAddress=0:0:0:0:0:0:0:1, SessionId=EA58C231B4D3E272E7852CC833DE6A13], Granted Authorities=[ROLE_USER]]]
2025-03-15 15:33:43 [http-nio-8080-exec-9] DEBUG o.s.security.web.FilterChainProxy - Securing GET /index
2025-03-15 15:33:43 [http-nio-8080-exec-9] DEBUG o.s.security.web.FilterChainProxy - Secured GET /index
2025-03-15 15:33:43 [http-nio-8080-exec-9] DEBUG o.s.s.w.c.HttpSessionSecurityContextRepository - Retrieved SecurityContextImpl [Authentication=UsernamePasswordAuthenticationToken [Principal=org.springframework.security.core.userdetails.User [Username=hiba@gmail.com, Password=[PROTECTED], Enabled=true, AccountNonExpired=true, credentialsNonExpired=true, AccountNonLocked=true, Granted Authorities=[ROLE_USER]], Credentials=[PROTECTED], Authenticated=true, Details=WebAuthenticationDetails [RemoteIpAddress=0:0:0:0:0:0:0:1, SessionId=EA58C231B4D3E272E7852CC833DE6A13], Granted Authorities=[ROLE_USER]]]
2025-03-15 15:33:43 [http-nio-8080-exec-10] DEBUG o.s.security.web.FilterChainProxy - Securing GET /favicon.ico
2025-03-15 15:33:43 [http-nio-8080-exec-10] DEBUG o.s.security.web.FilterChainProxy - Secured GET /favicon.ico
2025-03-15 15:33:43 [http-nio-8080-exec-10] DEBUG o.s.s.w.c.HttpSessionSecurityContextRepository - Retrieved SecurityContextImpl [Authentication=UsernamePasswordAuthenticationToken [Principal=org.springframework.security.core.userdetails.User [Username=hiba@gmail.com, Password=[PROTECTED], Enabled=true, AccountNonExpired=true, credentialsNonExpired=true, AccountNonLocked=true, Granted Authorities=[ROLE_USER]], Credentials=[PROTECTED], Authenticated=true, Details=WebAuthenticationDetails [RemoteIpAddress=0:0:0:0:0:0:0:1, SessionId=EA58C231B4D3E272E7852CC833DE6A13], Granted Authorities=[ROLE_USER]]]
2025-03-15 15:33:43 [http-nio-8080-exec-10] DEBUG o.s.security.web.FilterChainProxy - Securing GET /error
2025-03-15 15:33:43 [http-nio-8080-exec-10] DEBUG o.s.s.w.c.HttpSessionSecurityContextRepository - Retrieved SecurityContextImpl [Authentication=UsernamePasswordAuthenticationToken [Principal=org.springframework.security.core.userdetails.User [Username=hiba@gmail.com, Password=[PROTECTED], Enabled=true, AccountNonExpired=true, credentialsNonExpired=true, AccountNonLocked=true, Granted Authorities=[ROLE_USER]], Credentials=[PROTECTED], Authenticated=true, Details=WebAuthenticationDetails [RemoteIpAddress=0:0:0:0:0:0:0:1, SessionId=EA58C231B4D3E272E7852CC833DE6A13], Granted Authorities=[ROLE_USER]]]
2025-03-15 15:33:43 [http-nio-8080-exec-10] DEBUG o.s.s.w.a.AccessDeniedHandlerImpl - Responding with 403 status code
2025-03-15 15:33:48 [http-nio-8080-exec-1] DEBUG o.s.security.web.FilterChainProxy - Securing GET /agenda
2025-03-15 15:33:48 [http-nio-8080-exec-1] DEBUG o.s.s.w.c.HttpSessionSecurityContextRepository - Retrieved SecurityContextImpl [Authentication=UsernamePasswordAuthenticationToken [Principal=org.springframework.security.core.userdetails.User [Username=hiba@gmail.com, Password=[PROTECTED], Enabled=true, AccountNonExpired=true, credentialsNonExpired=true, AccountNonLocked=true, Granted Authorities=[ROLE_USER]], Credentials=[PROTECTED], Authenticated=true, Details=WebAuthenticationDetails [RemoteIpAddress=0:0:0:0:0:0:0:1, SessionId=EA58C231B4D3E272E7852CC833DE6A13], Granted Authorities=[ROLE_USER]]]
2025-03-15 15:33:48 [http-nio-8080-exec-1] DEBUG o.s.security.web.FilterChainProxy - Secured GET /agenda
2025-03-15 15:33:48 [http-nio-8080-exec-2] DEBUG o.s.security.web.FilterChainProxy - Securing GET /favicon.ico
2025-03-15 15:33:48 [http-nio-8080-exec-2] DEBUG o.s.security.web.FilterChainProxy - Secured GET /favicon.ico
2025-03-15 15:33:48 [http-nio-8080-exec-2] DEBUG o.s.s.w.c.HttpSessionSecurityContextRepository - Retrieved SecurityContextImpl [Authentication=UsernamePasswordAuthenticationToken [Principal=org.springframework.security.core.userdetails.User [Username=hiba@gmail.com, Password=[PROTECTED], Enabled=true, AccountNonExpired=true, credentialsNonExpired=true, AccountNonLocked=true, Granted Authorities=[ROLE_USER]], Credentials=[PROTECTED], Authenticated=true, Details=WebAuthenticationDetails [RemoteIpAddress=0:0:0:0:0:0:0:1, SessionId=EA58C231B4D3E272E7852CC833DE6A13], Granted Authorities=[ROLE_USER]]]
2025-03-15 15:33:48 [http-nio-8080-exec-2] DEBUG o.s.security.web.FilterChainProxy - Securing GET /error
2025-03-15 15:33:48 [http-nio-8080-exec-2] DEBUG o.s.s.w.c.HttpSessionSecurityContextRepository - Retrieved SecurityContextImpl [Authentication=UsernamePasswordAuthenticationToken [Principal=org.springframework.security.core.userdetails.User [Username=hiba@gmail.com, Password=[PROTECTED], Enabled=true, AccountNonExpired=true, credentialsNonExpired=true, AccountNonLocked=true, Granted Authorities=[ROLE_USER]], Credentials=[PROTECTED], Authenticated=true, Details=WebAuthenticationDetails [RemoteIpAddress=0:0:0:0:0:0:0:1, SessionId=EA58C231B4D3E272E7852CC833DE6A13], Granted Authorities=[ROLE_USER]]]
2025-03-15 15:33:48 [http-nio-8080-exec-2] DEBUG o.s.s.w.a.AccessDeniedHandlerImpl - Responding with 403 status code
2025-03-15 15:34:02 [http-nio-8080-exec-4] DEBUG o.s.security.web.FilterChainProxy - Securing GET /agenda/3
2025-03-15 15:34:02 [http-nio-8080-exec-4] DEBUG o.s.s.w.c.HttpSessionSecurityContextRepository - Retrieved SecurityContextImpl [Authentication=UsernamePasswordAuthenticationToken [Principal=org.springframework.security.core.userdetails.User [Username=hiba@gmail.com, Password=[PROTECTED], Enabled=true, AccountNonExpired=true, credentialsNonExpired=true, AccountNonLocked=true, Granted Authorities=[ROLE_USER]], Credentials=[PROTECTED], Authenticated=true, Details=WebAuthenticationDetails [RemoteIpAddress=0:0:0:0:0:0:0:1, SessionId=EA58C231B4D3E272E7852CC833DE6A13], Granted Authorities=[ROLE_USER]]]
2025-03-15 15:34:02 [http-nio-8080-exec-4] DEBUG o.s.security.web.FilterChainProxy - Secured GET /agenda/3
2025-03-15 15:34:02 [http-nio-8080-exec-5] DEBUG o.s.security.web.FilterChainProxy - Securing GET /favicon.ico
2025-03-15 15:34:02 [http-nio-8080-exec-5] DEBUG o.s.security.web.FilterChainProxy - Secured GET /favicon.ico
2025-03-15 15:34:02 [http-nio-8080-exec-5] DEBUG o.s.s.w.c.HttpSessionSecurityContextRepository - Retrieved SecurityContextImpl [Authentication=UsernamePasswordAuthenticationToken [Principal=org.springframework.security.core.userdetails.User [Username=hiba@gmail.com, Password=[PROTECTED], Enabled=true, AccountNonExpired=true, credentialsNonExpired=true, AccountNonLocked=true, Granted Authorities=[ROLE_USER]], Credentials=[PROTECTED], Authenticated=true, Details=WebAuthenticationDetails [RemoteIpAddress=0:0:0:0:0:0:0:1, SessionId=EA58C231B4D3E272E7852CC833DE6A13], Granted Authorities=[ROLE_USER]]]
2025-03-15 15:34:02 [http-nio-8080-exec-5] DEBUG o.s.security.web.FilterChainProxy - Securing GET /error
2025-03-15 15:34:02 [http-nio-8080-exec-5] DEBUG o.s.s.w.c.HttpSessionSecurityContextRepository - Retrieved SecurityContextImpl [Authentication=UsernamePasswordAuthenticationToken [Principal=org.springframework.security.core.userdetails.User [Username=hiba@gmail.com, Password=[PROTECTED], Enabled=true, AccountNonExpired=true, credentialsNonExpired=true, AccountNonLocked=true, Granted Authorities=[ROLE_USER]], Credentials=[PROTECTED], Authenticated=true, Details=WebAuthenticationDetails [RemoteIpAddress=0:0:0:0:0:0:0:1, SessionId=EA58C231B4D3E272E7852CC833DE6A13], Granted Authorities=[ROLE_USER]]]
2025-03-15 15:34:02 [http-nio-8080-exec-5] DEBUG o.s.s.w.a.AccessDeniedHandlerImpl - Responding with 403 status code
2025-03-15 15:34:19 [http-nio-8080-exec-6] DEBUG o.s.security.web.FilterChainProxy - Securing GET /agenda/history
2025-03-15 15:34:19 [http-nio-8080-exec-6] DEBUG o.s.s.w.c.HttpSessionSecurityContextRepository - Retrieved SecurityContextImpl [Authentication=UsernamePasswordAuthenticationToken [Principal=org.springframework.security.core.userdetails.User [Username=hiba@gmail.com, Password=[PROTECTED], Enabled=true, AccountNonExpired=true, credentialsNonExpired=true, AccountNonLocked=true, Granted Authorities=[ROLE_USER]], Credentials=[PROTECTED], Authenticated=true, Details=WebAuthenticationDetails [RemoteIpAddress=0:0:0:0:0:0:0:1, SessionId=EA58C231B4D3E272E7852CC833DE6A13], Granted Authorities=[ROLE_USER]]]
2025-03-15 15:34:19 [http-nio-8080-exec-6] DEBUG o.s.security.web.FilterChainProxy - Secured GET /agenda/history
2025-03-15 15:34:19 [http-nio-8080-exec-7] DEBUG o.s.security.web.FilterChainProxy - Securing GET /favicon.ico
2025-03-15 15:34:19 [http-nio-8080-exec-7] DEBUG o.s.security.web.FilterChainProxy - Secured GET /favicon.ico
2025-03-15 15:34:19 [http-nio-8080-exec-7] DEBUG o.s.s.w.c.HttpSessionSecurityContextRepository - Retrieved SecurityContextImpl [Authentication=UsernamePasswordAuthenticationToken [Principal=org.springframework.security.core.userdetails.User [Username=hiba@gmail.com, Password=[PROTECTED], Enabled=true, AccountNonExpired=true, credentialsNonExpired=true, AccountNonLocked=true, Granted Authorities=[ROLE_USER]], Credentials=[PROTECTED], Authenticated=true, Details=WebAuthenticationDetails [RemoteIpAddress=0:0:0:0:0:0:0:1, SessionId=EA58C231B4D3E272E7852CC833DE6A13], Granted Authorities=[ROLE_USER]]]
2025-03-15 15:34:19 [http-nio-8080-exec-7] DEBUG o.s.security.web.FilterChainProxy - Securing GET /error
2025-03-15 15:34:19 [http-nio-8080-exec-7] DEBUG o.s.s.w.c.HttpSessionSecurityContextRepository - Retrieved SecurityContextImpl [Authentication=UsernamePasswordAuthenticationToken [Principal=org.springframework.security.core.userdetails.User [Username=hiba@gmail.com, Password=[PROTECTED], Enabled=true, AccountNonExpired=true, credentialsNonExpired=true, AccountNonLocked=true, Granted Authorities=[ROLE_USER]], Credentials=[PROTECTED], Authenticated=true, Details=WebAuthenticationDetails [RemoteIpAddress=0:0:0:0:0:0:0:1, SessionId=EA58C231B4D3E272E7852CC833DE6A13], Granted Authorities=[ROLE_USER]]]
2025-03-15 15:34:19 [http-nio-8080-exec-7] DEBUG o.s.s.w.a.AccessDeniedHandlerImpl - Responding with 403 status code
2025-03-15 15:37:53 [http-nio-8080-exec-10] DEBUG o.s.security.web.FilterChainProxy - Securing GET /agenda/2/update
2025-03-15 15:37:53 [http-nio-8080-exec-10] DEBUG o.s.s.w.c.HttpSessionSecurityContextRepository - Retrieved SecurityContextImpl [Authentication=UsernamePasswordAuthenticationToken [Principal=org.springframework.security.core.userdetails.User [Username=hiba@gmail.com, Password=[PROTECTED], Enabled=true, AccountNonExpired=true, credentialsNonExpired=true, AccountNonLocked=true, Granted Authorities=[ROLE_USER]], Credentials=[PROTECTED], Authenticated=true, Details=WebAuthenticationDetails [RemoteIpAddress=0:0:0:0:0:0:0:1, SessionId=EA58C231B4D3E272E7852CC833DE6A13], Granted Authorities=[ROLE_USER]]]
2025-03-15 15:37:53 [http-nio-8080-exec-10] DEBUG o.s.security.web.FilterChainProxy - Secured GET /agenda/2/update
2025-03-15 15:37:53 [http-nio-8080-exec-1] DEBUG o.s.security.web.FilterChainProxy - Securing GET /favicon.ico
2025-03-15 15:37:53 [http-nio-8080-exec-1] DEBUG o.s.security.web.FilterChainProxy - Secured GET /favicon.ico
2025-03-15 15:37:53 [http-nio-8080-exec-1] DEBUG o.s.s.w.c.HttpSessionSecurityContextRepository - Retrieved SecurityContextImpl [Authentication=UsernamePasswordAuthenticationToken [Principal=org.springframework.security.core.userdetails.User [Username=hiba@gmail.com, Password=[PROTECTED], Enabled=true, AccountNonExpired=true, credentialsNonExpired=true, AccountNonLocked=true, Granted Authorities=[ROLE_USER]], Credentials=[PROTECTED], Authenticated=true, Details=WebAuthenticationDetails [RemoteIpAddress=0:0:0:0:0:0:0:1, SessionId=EA58C231B4D3E272E7852CC833DE6A13], Granted Authorities=[ROLE_USER]]]
2025-03-15 15:37:53 [http-nio-8080-exec-1] DEBUG o.s.security.web.FilterChainProxy - Securing GET /error
2025-03-15 15:37:53 [http-nio-8080-exec-1] DEBUG o.s.s.w.c.HttpSessionSecurityContextRepository - Retrieved SecurityContextImpl [Authentication=UsernamePasswordAuthenticationToken [Principal=org.springframework.security.core.userdetails.User [Username=hiba@gmail.com, Password=[PROTECTED], Enabled=true, AccountNonExpired=true, credentialsNonExpired=true, AccountNonLocked=true, Granted Authorities=[ROLE_USER]], Credentials=[PROTECTED], Authenticated=true, Details=WebAuthenticationDetails [RemoteIpAddress=0:0:0:0:0:0:0:1, SessionId=EA58C231B4D3E272E7852CC833DE6A13], Granted Authorities=[ROLE_USER]]]
2025-03-15 15:37:53 [http-nio-8080-exec-1] DEBUG o.s.s.w.a.AccessDeniedHandlerImpl - Responding with 403 status code
2025-03-15 15:38:02 [http-nio-8080-exec-2] DEBUG o.s.security.web.FilterChainProxy - Securing GET /agenda
2025-03-15 15:38:02 [http-nio-8080-exec-2] DEBUG o.s.s.w.c.HttpSessionSecurityContextRepository - Retrieved SecurityContextImpl [Authentication=UsernamePasswordAuthenticationToken [Principal=org.springframework.security.core.userdetails.User [Username=hiba@gmail.com, Password=[PROTECTED], Enabled=true, AccountNonExpired=true, credentialsNonExpired=true, AccountNonLocked=true, Granted Authorities=[ROLE_USER]], Credentials=[PROTECTED], Authenticated=true, Details=WebAuthenticationDetails [RemoteIpAddress=0:0:0:0:0:0:0:1, SessionId=EA58C231B4D3E272E7852CC833DE6A13], Granted Authorities=[ROLE_USER]]]
2025-03-15 15:38:02 [http-nio-8080-exec-2] DEBUG o.s.security.web.FilterChainProxy - Secured GET /agenda
2025-03-15 15:38:02 [http-nio-8080-exec-3] DEBUG o.s.security.web.FilterChainProxy - Securing GET /favicon.ico
2025-03-15 15:38:02 [http-nio-8080-exec-3] DEBUG o.s.security.web.FilterChainProxy - Secured GET /favicon.ico
2025-03-15 15:38:02 [http-nio-8080-exec-3] DEBUG o.s.s.w.c.HttpSessionSecurityContextRepository - Retrieved SecurityContextImpl [Authentication=UsernamePasswordAuthenticationToken [Principal=org.springframework.security.core.userdetails.User [Username=hiba@gmail.com, Password=[PROTECTED], Enabled=true, AccountNonExpired=true, credentialsNonExpired=true, AccountNonLocked=true, Granted Authorities=[ROLE_USER]], Credentials=[PROTECTED], Authenticated=true, Details=WebAuthenticationDetails [RemoteIpAddress=0:0:0:0:0:0:0:1, SessionId=EA58C231B4D3E272E7852CC833DE6A13], Granted Authorities=[ROLE_USER]]]
2025-03-15 15:38:02 [http-nio-8080-exec-3] DEBUG o.s.security.web.FilterChainProxy - Securing GET /error
2025-03-15 15:38:02 [http-nio-8080-exec-3] DEBUG o.s.s.w.c.HttpSessionSecurityContextRepository - Retrieved SecurityContextImpl [Authentication=UsernamePasswordAuthenticationToken [Principal=org.springframework.security.core.userdetails.User [Username=hiba@gmail.com, Password=[PROTECTED], Enabled=true, AccountNonExpired=true, credentialsNonExpired=true, AccountNonLocked=true, Granted Authorities=[ROLE_USER]], Credentials=[PROTECTED], Authenticated=true, Details=WebAuthenticationDetails [RemoteIpAddress=0:0:0:0:0:0:0:1, SessionId=EA58C231B4D3E272E7852CC833DE6A13], Granted Authorities=[ROLE_USER]]]
2025-03-15 15:38:02 [http-nio-8080-exec-3] DEBUG o.s.s.w.a.AccessDeniedHandlerImpl - Responding with 403 status code
2025-03-15 15:41:12 [http-nio-8080-exec-6] DEBUG o.s.security.web.FilterChainProxy - Securing GET /agenda
2025-03-15 15:41:12 [http-nio-8080-exec-6] DEBUG o.s.s.w.c.HttpSessionSecurityContextRepository - Retrieved SecurityContextImpl [Authentication=UsernamePasswordAuthenticationToken [Principal=org.springframework.security.core.userdetails.User [Username=hiba@gmail.com, Password=[PROTECTED], Enabled=true, AccountNonExpired=true, credentialsNonExpired=true, AccountNonLocked=true, Granted Authorities=[ROLE_USER]], Credentials=[PROTECTED], Authenticated=true, Details=WebAuthenticationDetails [RemoteIpAddress=0:0:0:0:0:0:0:1, SessionId=EA58C231B4D3E272E7852CC833DE6A13], Granted Authorities=[ROLE_USER]]]
2025-03-15 15:41:12 [http-nio-8080-exec-6] DEBUG o.s.security.web.FilterChainProxy - Secured GET /agenda
2025-03-15 15:41:12 [http-nio-8080-exec-7] DEBUG o.s.security.web.FilterChainProxy - Securing GET /favicon.ico
2025-03-15 15:41:12 [http-nio-8080-exec-7] DEBUG o.s.security.web.FilterChainProxy - Secured GET /favicon.ico
2025-03-15 15:41:12 [http-nio-8080-exec-7] DEBUG o.s.s.w.c.HttpSessionSecurityContextRepository - Retrieved SecurityContextImpl [Authentication=UsernamePasswordAuthenticationToken [Principal=org.springframework.security.core.userdetails.User [Username=hiba@gmail.com, Password=[PROTECTED], Enabled=true, AccountNonExpired=true, credentialsNonExpired=true, AccountNonLocked=true, Granted Authorities=[ROLE_USER]], Credentials=[PROTECTED], Authenticated=true, Details=WebAuthenticationDetails [RemoteIpAddress=0:0:0:0:0:0:0:1, SessionId=EA58C231B4D3E272E7852CC833DE6A13], Granted Authorities=[ROLE_USER]]]
2025-03-15 15:41:12 [http-nio-8080-exec-7] DEBUG o.s.security.web.FilterChainProxy - Securing GET /error
2025-03-15 15:41:12 [http-nio-8080-exec-7] DEBUG o.s.s.w.c.HttpSessionSecurityContextRepository - Retrieved SecurityContextImpl [Authentication=UsernamePasswordAuthenticationToken [Principal=org.springframework.security.core.userdetails.User [Username=hiba@gmail.com, Password=[PROTECTED], Enabled=true, AccountNonExpired=true, credentialsNonExpired=true, AccountNonLocked=true, Granted Authorities=[ROLE_USER]], Credentials=[PROTECTED], Authenticated=true, Details=WebAuthenticationDetails [RemoteIpAddress=0:0:0:0:0:0:0:1, SessionId=EA58C231B4D3E272E7852CC833DE6A13], Granted Authorities=[ROLE_USER]]]
2025-03-15 15:41:12 [http-nio-8080-exec-7] DEBUG o.s.s.w.a.AccessDeniedHandlerImpl - Responding with 403 status code
2025-03-15 15:41:14 [http-nio-8080-exec-8] DEBUG o.s.security.web.FilterChainProxy - Securing GET /agenda/history
2025-03-15 15:41:14 [http-nio-8080-exec-8] DEBUG o.s.s.w.c.HttpSessionSecurityContextRepository - Retrieved SecurityContextImpl [Authentication=UsernamePasswordAuthenticationToken [Principal=org.springframework.security.core.userdetails.User [Username=hiba@gmail.com, Password=[PROTECTED], Enabled=true, AccountNonExpired=true, credentialsNonExpired=true, AccountNonLocked=true, Granted Authorities=[ROLE_USER]], Credentials=[PROTECTED], Authenticated=true, Details=WebAuthenticationDetails [RemoteIpAddress=0:0:0:0:0:0:0:1, SessionId=EA58C231B4D3E272E7852CC833DE6A13], Granted Authorities=[ROLE_USER]]]
2025-03-15 15:41:14 [http-nio-8080-exec-8] DEBUG o.s.security.web.FilterChainProxy - Secured GET /agenda/history
2025-03-15 15:41:14 [http-nio-8080-exec-9] DEBUG o.s.security.web.FilterChainProxy - Securing GET /favicon.ico
2025-03-15 15:41:14 [http-nio-8080-exec-9] DEBUG o.s.security.web.FilterChainProxy - Secured GET /favicon.ico
2025-03-15 15:41:14 [http-nio-8080-exec-9] DEBUG o.s.s.w.c.HttpSessionSecurityContextRepository - Retrieved SecurityContextImpl [Authentication=UsernamePasswordAuthenticationToken [Principal=org.springframework.security.core.userdetails.User [Username=hiba@gmail.com, Password=[PROTECTED], Enabled=true, AccountNonExpired=true, credentialsNonExpired=true, AccountNonLocked=true, Granted Authorities=[ROLE_USER]], Credentials=[PROTECTED], Authenticated=true, Details=WebAuthenticationDetails [RemoteIpAddress=0:0:0:0:0:0:0:1, SessionId=EA58C231B4D3E272E7852CC833DE6A13], Granted Authorities=[ROLE_USER]]]
2025-03-15 15:41:14 [http-nio-8080-exec-9] DEBUG o.s.security.web.FilterChainProxy - Securing GET /error
2025-03-15 15:41:14 [http-nio-8080-exec-9] DEBUG o.s.s.w.c.HttpSessionSecurityContextRepository - Retrieved SecurityContextImpl [Authentication=UsernamePasswordAuthenticationToken [Principal=org.springframework.security.core.userdetails.User [Username=hiba@gmail.com, Password=[PROTECTED], Enabled=true, AccountNonExpired=true, credentialsNonExpired=true, AccountNonLocked=true, Granted Authorities=[ROLE_USER]], Credentials=[PROTECTED], Authenticated=true, Details=WebAuthenticationDetails [RemoteIpAddress=0:0:0:0:0:0:0:1, SessionId=EA58C231B4D3E272E7852CC833DE6A13], Granted Authorities=[ROLE_USER]]]
2025-03-15 15:41:14 [http-nio-8080-exec-9] DEBUG o.s.s.w.a.AccessDeniedHandlerImpl - Responding with 403 status code
2025-03-15 15:41:58 [http-nio-8080-exec-10] DEBUG o.s.security.web.FilterChainProxy - Securing GET /agenda/history?startDate=2025-03-13&endDate=
2025-03-15 15:41:58 [http-nio-8080-exec-10] DEBUG o.s.s.w.c.HttpSessionSecurityContextRepository - Retrieved SecurityContextImpl [Authentication=UsernamePasswordAuthenticationToken [Principal=org.springframework.security.core.userdetails.User [Username=hiba@gmail.com, Password=[PROTECTED], Enabled=true, AccountNonExpired=true, credentialsNonExpired=true, AccountNonLocked=true, Granted Authorities=[ROLE_USER]], Credentials=[PROTECTED], Authenticated=true, Details=WebAuthenticationDetails [RemoteIpAddress=0:0:0:0:0:0:0:1, SessionId=EA58C231B4D3E272E7852CC833DE6A13], Granted Authorities=[ROLE_USER]]]
2025-03-15 15:41:58 [http-nio-8080-exec-10] DEBUG o.s.security.web.FilterChainProxy - Secured GET /agenda/history?startDate=2025-03-13&endDate=
2025-03-15 15:41:59 [http-nio-8080-exec-1] DEBUG o.s.security.web.FilterChainProxy - Securing GET /favicon.ico
2025-03-15 15:41:59 [http-nio-8080-exec-1] DEBUG o.s.security.web.FilterChainProxy - Secured GET /favicon.ico
2025-03-15 15:41:59 [http-nio-8080-exec-1] DEBUG o.s.s.w.c.HttpSessionSecurityContextRepository - Retrieved SecurityContextImpl [Authentication=UsernamePasswordAuthenticationToken [Principal=org.springframework.security.core.userdetails.User [Username=hiba@gmail.com, Password=[PROTECTED], Enabled=true, AccountNonExpired=true, credentialsNonExpired=true, AccountNonLocked=true, Granted Authorities=[ROLE_USER]], Credentials=[PROTECTED], Authenticated=true, Details=WebAuthenticationDetails [RemoteIpAddress=0:0:0:0:0:0:0:1, SessionId=EA58C231B4D3E272E7852CC833DE6A13], Granted Authorities=[ROLE_USER]]]
2025-03-15 15:41:59 [http-nio-8080-exec-1] DEBUG o.s.security.web.FilterChainProxy - Securing GET /error
2025-03-15 15:41:59 [http-nio-8080-exec-1] DEBUG o.s.s.w.c.HttpSessionSecurityContextRepository - Retrieved SecurityContextImpl [Authentication=UsernamePasswordAuthenticationToken [Principal=org.springframework.security.core.userdetails.User [Username=hiba@gmail.com, Password=[PROTECTED], Enabled=true, AccountNonExpired=true, credentialsNonExpired=true, AccountNonLocked=true, Granted Authorities=[ROLE_USER]], Credentials=[PROTECTED], Authenticated=true, Details=WebAuthenticationDetails [RemoteIpAddress=0:0:0:0:0:0:0:1, SessionId=EA58C231B4D3E272E7852CC833DE6A13], Granted Authorities=[ROLE_USER]]]
2025-03-15 15:41:59 [http-nio-8080-exec-1] DEBUG o.s.s.w.a.AccessDeniedHandlerImpl - Responding with 403 status code
2025-03-15 15:42:10 [http-nio-8080-exec-2] DEBUG o.s.security.web.FilterChainProxy - Securing GET /agenda/history?startDate=2025-03-14&endDate=2025-03-14
2025-03-15 15:42:10 [http-nio-8080-exec-2] DEBUG o.s.s.w.c.HttpSessionSecurityContextRepository - Retrieved SecurityContextImpl [Authentication=UsernamePasswordAuthenticationToken [Principal=org.springframework.security.core.userdetails.User [Username=hiba@gmail.com, Password=[PROTECTED], Enabled=true, AccountNonExpired=true, credentialsNonExpired=true, AccountNonLocked=true, Granted Authorities=[ROLE_USER]], Credentials=[PROTECTED], Authenticated=true, Details=WebAuthenticationDetails [RemoteIpAddress=0:0:0:0:0:0:0:1, SessionId=EA58C231B4D3E272E7852CC833DE6A13], Granted Authorities=[ROLE_USER]]]
2025-03-15 15:42:10 [http-nio-8080-exec-2] DEBUG o.s.security.web.FilterChainProxy - Secured GET /agenda/history?startDate=2025-03-14&endDate=2025-03-14
2025-03-15 15:42:10 [http-nio-8080-exec-3] DEBUG o.s.security.web.FilterChainProxy - Securing GET /favicon.ico
2025-03-15 15:42:10 [http-nio-8080-exec-3] DEBUG o.s.security.web.FilterChainProxy - Secured GET /favicon.ico
2025-03-15 15:42:10 [http-nio-8080-exec-3] DEBUG o.s.s.w.c.HttpSessionSecurityContextRepository - Retrieved SecurityContextImpl [Authentication=UsernamePasswordAuthenticationToken [Principal=org.springframework.security.core.userdetails.User [Username=hiba@gmail.com, Password=[PROTECTED], Enabled=true, AccountNonExpired=true, credentialsNonExpired=true, AccountNonLocked=true, Granted Authorities=[ROLE_USER]], Credentials=[PROTECTED], Authenticated=true, Details=WebAuthenticationDetails [RemoteIpAddress=0:0:0:0:0:0:0:1, SessionId=EA58C231B4D3E272E7852CC833DE6A13], Granted Authorities=[ROLE_USER]]]
2025-03-15 15:42:10 [http-nio-8080-exec-3] DEBUG o.s.security.web.FilterChainProxy - Securing GET /error
2025-03-15 15:42:10 [http-nio-8080-exec-3] DEBUG o.s.s.w.c.HttpSessionSecurityContextRepository - Retrieved SecurityContextImpl [Authentication=UsernamePasswordAuthenticationToken [Principal=org.springframework.security.core.userdetails.User [Username=hiba@gmail.com, Password=[PROTECTED], Enabled=true, AccountNonExpired=true, credentialsNonExpired=true, AccountNonLocked=true, Granted Authorities=[ROLE_USER]], Credentials=[PROTECTED], Authenticated=true, Details=WebAuthenticationDetails [RemoteIpAddress=0:0:0:0:0:0:0:1, SessionId=EA58C231B4D3E272E7852CC833DE6A13], Granted Authorities=[ROLE_USER]]]
2025-03-15 15:42:10 [http-nio-8080-exec-3] DEBUG o.s.s.w.a.AccessDeniedHandlerImpl - Responding with 403 status code
2025-03-15 15:42:20 [http-nio-8080-exec-5] DEBUG o.s.security.web.FilterChainProxy - Securing GET /agenda/history?startDate=2025-03-05&endDate=2025-03-08
2025-03-15 15:42:20 [http-nio-8080-exec-5] DEBUG o.s.s.w.c.HttpSessionSecurityContextRepository - Retrieved SecurityContextImpl [Authentication=UsernamePasswordAuthenticationToken [Principal=org.springframework.security.core.userdetails.User [Username=hiba@gmail.com, Password=[PROTECTED], Enabled=true, AccountNonExpired=true, credentialsNonExpired=true, AccountNonLocked=true, Granted Authorities=[ROLE_USER]], Credentials=[PROTECTED], Authenticated=true, Details=WebAuthenticationDetails [RemoteIpAddress=0:0:0:0:0:0:0:1, SessionId=EA58C231B4D3E272E7852CC833DE6A13], Granted Authorities=[ROLE_USER]]]
2025-03-15 15:42:20 [http-nio-8080-exec-5] DEBUG o.s.security.web.FilterChainProxy - Secured GET /agenda/history?startDate=2025-03-05&endDate=2025-03-08
2025-03-15 15:42:20 [http-nio-8080-exec-6] DEBUG o.s.security.web.FilterChainProxy - Securing GET /favicon.ico
2025-03-15 15:42:20 [http-nio-8080-exec-6] DEBUG o.s.security.web.FilterChainProxy - Secured GET /favicon.ico
2025-03-15 15:42:20 [http-nio-8080-exec-6] DEBUG o.s.s.w.c.HttpSessionSecurityContextRepository - Retrieved SecurityContextImpl [Authentication=UsernamePasswordAuthenticationToken [Principal=org.springframework.security.core.userdetails.User [Username=hiba@gmail.com, Password=[PROTECTED], Enabled=true, AccountNonExpired=true, credentialsNonExpired=true, AccountNonLocked=true, Granted Authorities=[ROLE_USER]], Credentials=[PROTECTED], Authenticated=true, Details=WebAuthenticationDetails [RemoteIpAddress=0:0:0:0:0:0:0:1, SessionId=EA58C231B4D3E272E7852CC833DE6A13], Granted Authorities=[ROLE_USER]]]
2025-03-15 15:42:20 [http-nio-8080-exec-6] DEBUG o.s.security.web.FilterChainProxy - Securing GET /error
2025-03-15 15:42:20 [http-nio-8080-exec-6] DEBUG o.s.s.w.c.HttpSessionSecurityContextRepository - Retrieved SecurityContextImpl [Authentication=UsernamePasswordAuthenticationToken [Principal=org.springframework.security.core.userdetails.User [Username=hiba@gmail.com, Password=[PROTECTED], Enabled=true, AccountNonExpired=true, credentialsNonExpired=true, AccountNonLocked=true, Granted Authorities=[ROLE_USER]], Credentials=[PROTECTED], Authenticated=true, Details=WebAuthenticationDetails [RemoteIpAddress=0:0:0:0:0:0:0:1, SessionId=EA58C231B4D3E272E7852CC833DE6A13], Granted Authorities=[ROLE_USER]]]
2025-03-15 15:42:20 [http-nio-8080-exec-6] DEBUG o.s.s.w.a.AccessDeniedHandlerImpl - Responding with 403 status code
2025-03-15 15:43:09 [SpringApplicationShutdownHook] INFO  o.s.o.j.LocalContainerEntityManagerFactoryBean - Closing JPA EntityManagerFactory for persistence unit 'default'
2025-03-15 15:43:09 [SpringApplicationShutdownHook] INFO  com.zaxxer.hikari.HikariDataSource - HikariPool-1 - Shutdown initiated...
2025-03-15 15:43:09 [SpringApplicationShutdownHook] INFO  com.zaxxer.hikari.HikariDataSource - HikariPool-1 - Shutdown completed.
